Using cpu device
Found timestep: 1e-05, n of run steps: 100000000, and dump log freq: 10000
Found timestep: 1e-05, n of run steps: 100000000, and dump log freq: 10000
Found timestep: 1e-05, n of run steps: 100000000, and dump log freq: 10000
Found timestep: 1e-05, n of run steps: 100000000, and dump log freq: 10000
Found timestep: 1e-05, n of run steps: 100000000, and dump log freq: 10000
Iter: 1, running avg elbo: 0.010380885413471142
current loss: 0.010380885413471142
Last iteration took:      6.180502404924482
Iter: 2, running avg elbo: 0.01225057673506116
current loss: 0.19735001757247286
Last iteration took:      4.799454709049314
Iter: 3, running avg elbo: 0.013720535384512251
current loss: 0.15924644168017008
Last iteration took:      5.141627561766654
Iter: 4, running avg elbo: 0.015131656311291446
current loss: 0.15483262806243173
Last iteration took:      4.694161021150649
Iter: 5, running avg elbo: 0.019422839676486697
current loss: 0.444249992830816
Last iteration took:      4.406170839909464
Iter: 6, running avg elbo: 0.02184752306898861
current loss: 0.26189117892667807
Last iteration took:      4.4516431940719485
Iter: 7, running avg elbo: 0.024462054603683798
current loss: 0.283300676538507
Last iteration took:      4.855024240911007
Iter: 8, running avg elbo: 0.026382343229958055
current loss: 0.2164909172311092
Last iteration took:      4.7291194959543645
Iter: 9, running avg elbo: 0.026571858709115357
current loss: 0.04533389114568833
Last iteration took:      4.561177372932434
Iter: 10, running avg elbo: 0.026474954418328454
current loss: 0.016881429630425257
Last iteration took:      4.776962877716869
Iter: 11, running avg elbo: 0.026669537952588335
current loss: 0.04593330784431657
Last iteration took:      4.333610623143613
Iter: 12, running avg elbo: 0.026805825960738335
current loss: 0.04029833876758826
Last iteration took:      4.4531890489161015
Iter: 13, running avg elbo: 0.026907715698083052
current loss: 0.0369947996952101
Last iteration took:      4.576666264794767
Iter: 14, running avg elbo: 0.028096084404708545
current loss: 0.1457445863606321
Last iteration took:      4.255415697116405
Iter: 15, running avg elbo: 0.029176691341964756
current loss: 0.13615677813032967
Last iteration took:      4.641858392395079
Iter: 16, running avg elbo: 0.030895380359709842
current loss: 0.20104559311647321
Last iteration took:      4.700446289032698
Iter: 17, running avg elbo: 0.0319200636705437
current loss: 0.13336371144309572
Last iteration took:      4.9249583929777145
Iter: 18, running avg elbo: 0.0317129615668859
current loss: 0.011209853304763233
Last iteration took:      4.698040591087192
Iter: 19, running avg elbo: 0.03328653900160091
current loss: 0.18907070503838744
Last iteration took:      4.350080422125757
Iter: 20, running avg elbo: 0.034890420032285534
current loss: 0.19367464207006266
Last iteration took:      5.35330564994365
Iter: 21, running avg elbo: 0.035930801093577346
current loss: 0.13892852616146656
Last iteration took:      4.832464839797467
Iter: 22, running avg elbo: 0.03592555197375645
current loss: 0.0354058891114881
Last iteration took:      4.921067602001131
Iter: 23, running avg elbo: 0.037452733646441805
current loss: 0.18864371924229215
Last iteration took:      5.027222605422139
Iter: 24, running avg elbo: 0.03717605123183905
current loss: 0.009784492186166123
Last iteration took:      5.121702466160059
Iter: 25, running avg elbo: 0.038713018853161335
current loss: 0.19087281336406708
Last iteration took:      5.0188801870681345
Iter: 26, running avg elbo: 0.04022839711061212
current loss: 0.1902508445982396
Last iteration took:      5.024391183629632
Iter: 27, running avg elbo: 0.04177299005631423
current loss: 0.19468769168082242
Last iteration took:      5.034375648014247
Iter: 28, running avg elbo: 0.04324544224748149
current loss: 0.18901820917304016
Last iteration took:      5.208544117864221
Iter: 29, running avg elbo: 0.044736854385215775
current loss: 0.19238665602091035
Last iteration took:      5.343650325667113
Iter: 30, running avg elbo: 0.044667104466736954
current loss: 0.03776186253733408
Last iteration took:      5.435265414882451
Iter: 31, running avg elbo: 0.04615490767959734
current loss: 0.193447425752775
Last iteration took:      4.716904199216515
Iter: 32, running avg elbo: 0.047099171026745226
current loss: 0.1405812423943854
Last iteration took:      5.171095871832222
Iter: 33, running avg elbo: 0.04692642985854059
current loss: 0.02982505420628201
Last iteration took:      4.998187167104334
Iter: 34, running avg elbo: 0.0467431085546292
current loss: 0.028594299467401076
Last iteration took:      4.945289631839842
Iter: 35, running avg elbo: 0.04659633430640222
current loss: 0.032065683731930354
Last iteration took:      4.992725403048098
Iter: 36, running avg elbo: 0.0462310587142853
current loss: 0.010068775094710302
Last iteration took:      4.870863132178783
Iter: 37, running avg elbo: 0.047703308541378955
current loss: 0.19345604142365092
Last iteration took:      5.084042002912611
Iter: 38, running avg elbo: 0.04916846838748435
current loss: 0.19421929315191794
Last iteration took:      4.953663710039109
Iter: 39, running avg elbo: 0.050012697740236985
current loss: 0.13359140366274805
Last iteration took:      5.216083033010364
Iter: 40, running avg elbo: 0.05139342717714519
current loss: 0.1880856414310575
Last iteration took:      4.958340012002736
Iter: 41, running avg elbo: 0.052246653934139166
current loss: 0.13671610287654265
Last iteration took:      4.950151899829507
Iter: 42, running avg elbo: 0.052042357026880426
current loss: 0.031816963208265145
Last iteration took:      4.697865785099566
Iter: 43, running avg elbo: 0.05161558663548715
current loss: 0.009365317887552172
Last iteration took:      5.068253104109317
Iter: 44, running avg elbo: 0.0524137058121679
current loss: 0.13142750430356245
Last iteration took:      5.400316229090095
Iter: 45, running avg elbo: 0.05198546752360732
current loss: 0.009589876956110101
Last iteration took:      5.274354761932045
Iter: 46, running avg elbo: 0.053345645263079104
current loss: 0.188003241470786
Last iteration took:      5.138468661811203
Iter: 47, running avg elbo: 0.05417294888443456
current loss: 0.13607600739862433
Last iteration took:      5.202342551201582
Iter: 48, running avg elbo: 0.05553845842844161
current loss: 0.19072390328513894
Last iteration took:      5.320455564185977
Iter: 49, running avg elbo: 0.05531888171054599
current loss: 0.033580786638879825
Last iteration took:      4.899325901642442
Iter: 50, running avg elbo: 0.056125852103035306
current loss: 0.13601592095947795
Last iteration took:      5.367392061743885
Iter: 51, running avg elbo: 0.05566366470490246
current loss: 0.009907112289750537
Last iteration took:      5.346785645000637
Iter: 52, running avg elbo: 0.055222298602754974
current loss: 0.011527054490153784
Last iteration took:      4.967199415899813
Iter: 53, running avg elbo: 0.05503538032051683
current loss: 0.03653047037894068
Last iteration took:      4.977975212037563
Iter: 54, running avg elbo: 0.05645635374513497
current loss: 0.19713272278233035
Last iteration took:      4.784283587243408
Iter: 55, running avg elbo: 0.05781247612727479
current loss: 0.1920685919591169
Last iteration took:      4.626685788854957
Iter: 56, running avg elbo: 0.059110783232992355
current loss: 0.1876431866990309
Last iteration took:      4.642907920759171
Iter: 57, running avg elbo: 0.059879094845726684
current loss: 0.1359419445064248
Last iteration took:      4.456270216032863
Iter: 58, running avg elbo: 0.05960479560577701
current loss: 0.03244917085075864
Last iteration took:      4.440958230756223
Iter: 59, running avg elbo: 0.06091828455816619
current loss: 0.19095369084469516
Last iteration took:      4.597190339118242
Iter: 60, running avg elbo: 0.06219852869243918
current loss: 0.18894269798546479
Last iteration took:      4.659354049246758
Iter: 61, running avg elbo: 0.06345715967609329
current loss: 0.18806162705785012
Last iteration took:      5.8109654020518064
Iter: 62, running avg elbo: 0.06469082188220478
current loss: 0.18682338028724216
Last iteration took:      5.307258538901806
Iter: 63, running avg elbo: 0.06591650865348163
current loss: 0.18725949900988909
Last iteration took:      5.176096302922815
Iter: 64, running avg elbo: 0.0656381834384333
current loss: 0.03808398714864852
Last iteration took:      4.82765456289053
Iter: 65, running avg elbo: 0.06687837480576964
current loss: 0.1896573201720664
Last iteration took:      4.744287708308548
Iter: 66, running avg elbo: 0.06653678487163081
current loss: 0.03271938139188615
Last iteration took:      4.85802008677274
Iter: 67, running avg elbo: 0.06775352646820168
current loss: 0.18821094452871703
Last iteration took:      5.016842239070684
Iter: 68, running avg elbo: 0.06896090974848915
current loss: 0.18849185449694908
Last iteration took:      5.046759081073105
Iter: 69, running avg elbo: 0.06964674785297739
current loss: 0.1375447201973127
Last iteration took:      4.999597237911075
Iter: 70, running avg elbo: 0.0708248430882317
current loss: 0.18745627137840754
Last iteration took:      4.514176256023347
Iter: 71, running avg elbo: 0.07042984761905735
current loss: 0.03132529617079773
Last iteration took:      4.506479877047241
Iter: 72, running avg elbo: 0.07103817761870143
current loss: 0.13126284758346538
Last iteration took:      5.129567038733512
Iter: 73, running avg elbo: 0.07043749527194068
current loss: 0.010969942942626078
Last iteration took:      5.226605792995542
Iter: 74, running avg elbo: 0.07103141841258627
current loss: 0.12982980933649962
Last iteration took:      5.580439158715308
Iter: 75, running avg elbo: 0.07159987362153696
current loss: 0.1278769393076539
Last iteration took:      4.985090744215995
Iter: 76, running avg elbo: 0.0712117151226966
current loss: 0.03278402373750204
Last iteration took:      5.275587056297809
Iter: 77, running avg elbo: 0.07081803054043184
current loss: 0.031843256896220494
Last iteration took:      5.271822459995747
Iter: 78, running avg elbo: 0.07143117855614674
current loss: 0.13213283211192042
Last iteration took:      5.146029489114881
Iter: 79, running avg elbo: 0.07266874744106966
current loss: 0.19518806704843875
Last iteration took:      4.9320861250162125
Iter: 80, running avg elbo: 0.07203227245926092
current loss: 0.009021249260195785
Last iteration took:      2.28731340309605
Iter: 81, running avg elbo: 0.07315862501815332
current loss: 0.18466752834849967
Last iteration took:      2.0101706818677485
Iter: 82, running avg elbo: 0.07432679893447224
current loss: 0.1899760166500452
Last iteration took:      2.0466617196798325
Iter: 83, running avg elbo: 0.07547045224949984
current loss: 0.1886921304372328
Last iteration took:      2.1170985070057213
Iter: 84, running avg elbo: 0.07612105667342206
current loss: 0.14053089464172097
Last iteration took:      1.969827433116734
Iter: 85, running avg elbo: 0.07573525814647428
current loss: 0.03754120397864401
Last iteration took:      1.9597072540782392
Iter: 86, running avg elbo: 0.07629306961598323
current loss: 0.13151640509736903
Last iteration took:      2.0945858447812498
Iter: 87, running avg elbo: 0.07752904736724807
current loss: 0.19989084474246774
Last iteration took:      2.068443290889263
Iter: 88, running avg elbo: 0.07879523268768869
current loss: 0.2041475794113111
Last iteration took:      2.008753251284361
Iter: 89, running avg elbo: 0.07991234620804144
current loss: 0.19050658472296303
Last iteration took:      2.0530868330970407
Iter: 90, running avg elbo: 0.07944821461872395
current loss: 0.03349918727629274
Last iteration took:      2.1164674879983068
Iter: 91, running avg elbo: 0.07879734584228232
current loss: 0.014361336974561028
Last iteration took:      2.002729879692197
Iter: 92, running avg elbo: 0.07836417921408163
current loss: 0.035480683022213425
Last iteration took:      1.9679648596793413
Iter: 93, running avg elbo: 0.07955406779140557
current loss: 0.19735303694647516
Last iteration took:      1.9719943851232529
Iter: 94, running avg elbo: 0.08021059137988255
current loss: 0.14520642663910396
Last iteration took:      2.0223135468550026
Iter: 95, running avg elbo: 0.07952708926765992
current loss: 0.011860380157618616
Last iteration took:      2.0807291506789625
Iter: 96, running avg elbo: 0.08010707236490987
current loss: 0.1375253989926545
Last iteration took:      1.98801255133003
Iter: 97, running avg elbo: 0.07942945902489063
current loss: 0.012345738362985274
Last iteration took:      1.6910409140400589
Iter: 98, running avg elbo: 0.07989738328879648
current loss: 0.12622188541547577
Last iteration took:      1.8404163480736315
Iter: 99, running avg elbo: 0.08038481596675298
current loss: 0.1286406510844469
Last iteration took:      2.2471508397720754
Iter: 100, running avg elbo: 0.0815637499643859
current loss: 0.1982782157300437
Last iteration took:      2.4680282501503825
